2026-03-04 23:54:37,338 - INFO - SUCCESS: https://example.com
2026-03-04 23:54:37,867 - WARNING - RETRY 1: https://httpbin.org/status/404 -> 404, message='NOT FOUND', url='https://httpbin.org/status/404'
2026-03-04 23:54:39,481 - WARNING - RETRY 2: https://httpbin.org/status/404 -> 404, message='NOT FOUND', url='https://httpbin.org/status/404'
2026-03-04 23:54:39,821 - INFO - SUCCESS: https://httpbin.org/delay/2
2026-03-04 23:54:42,029 - WARNING - RETRY 3: https://httpbin.org/status/404 -> 404, message='NOT FOUND', url='https://httpbin.org/status/404'
2026-03-04 23:54:42,029 - ERROR - FAILED: https://httpbin.org/status/404
2026-03-06 01:26:42,536 - INFO - SUCCESS: https://books.toscrape.com/catalogue/page-3.html
2026-03-06 01:26:42,546 - INFO - SUCCESS: https://books.toscrape.com/catalogue/page-1.html
2026-03-06 01:26:42,556 - INFO - SUCCESS: https://books.toscrape.com/catalogue/page-2.html
2026-03-08 01:04:08,519 - INFO - SUCCESS: https://books.toscrape.com/catalogue/page-3.html
2026-03-08 01:04:08,533 - INFO - SUCCESS: https://books.toscrape.com/catalogue/page-2.html
2026-03-08 01:04:08,782 - INFO - SUCCESS: https://books.toscrape.com/catalogue/page-1.html
2026-03-08 01:04:08,783 - INFO - SAVED IN JSON
2026-03-09 00:42:33,360 - INFO - SUCCESS: https://books.toscrape.com/catalogue/page-1.html
2026-03-09 00:42:33,361 - INFO - SAVED IN JSON
2026-03-09 00:48:42,863 - INFO - SUCCESS: https://books.toscrape.com/catalogue/page-1.html
2026-03-09 00:48:42,864 - INFO - SAVED IN JSON
2026-03-11 00:56:24,723 - INFO - SUCCESS: https://books.toscrape.com/catalogue/page-1.html
2026-03-11 00:56:24,724 - INFO - SAVED
2026-03-11 00:59:51,985 - INFO - SUCCESS: https://books.toscrape.com/catalogue/page-1.html
2026-03-11 00:59:51,985 - INFO - SAVED
2026-03-11 23:15:12,647 - INFO - SUCCESS: https://books.toscrape.com/catalogue/page-1.html
2026-03-11 23:15:12,648 - INFO - SAVED
2026-03-11 23:15:35,972 - INFO - SUCCESS: https://books.toscrape.com/catalogue/page-2.html
2026-03-11 23:15:35,985 - INFO - SUCCESS: https://books.toscrape.com/catalogue/page-3.html
2026-03-11 23:15:35,998 - INFO - SUCCESS: https://books.toscrape.com/catalogue/page-5.html
2026-03-11 23:15:36,011 - INFO - SUCCESS: https://books.toscrape.com/catalogue/page-4.html
2026-03-11 23:15:36,227 - INFO - SUCCESS: https://books.toscrape.com/catalogue/page-1.html
2026-03-11 23:15:36,228 - INFO - SAVED
2026-03-13 01:09:03,371 - INFO - SUCCESS: https://books.toscrape.com/catalogue/page-5.html
2026-03-13 01:09:03,384 - INFO - SUCCESS: https://books.toscrape.com/catalogue/page-2.html
2026-03-13 01:09:03,663 - INFO - SUCCESS: https://books.toscrape.com/catalogue/page-1.html
2026-03-13 01:09:03,705 - INFO - SUCCESS: https://books.toscrape.com/catalogue/page-3.html
2026-03-13 01:09:03,790 - INFO - SUCCESS: https://books.toscrape.com/catalogue/page-4.html
2026-03-13 01:09:03,791 - INFO - SAVED
2026-03-13 01:10:33,113 - INFO - SUCCESS: https://books.toscrape.com/catalogue/page-3.html
2026-03-13 01:10:33,126 - INFO - SUCCESS: https://books.toscrape.com/catalogue/page-4.html
2026-03-13 01:10:33,138 - INFO - SUCCESS: https://books.toscrape.com/catalogue/page-1.html
2026-03-13 01:10:33,150 - INFO - SUCCESS: https://books.toscrape.com/catalogue/page-2.html
2026-03-13 01:10:33,534 - INFO - SUCCESS: https://books.toscrape.com/catalogue/page-5.html
2026-03-13 01:10:33,535 - INFO - SAVED
2026-03-13 01:14:10,780 - INFO - SUCCESS: https://books.toscrape.com/catalogue/page-5.html
2026-03-13 01:14:10,795 - INFO - SUCCESS: https://books.toscrape.com/catalogue/page-2.html
2026-03-13 01:14:10,810 - INFO - SUCCESS: https://books.toscrape.com/catalogue/page-1.html
2026-03-13 01:14:04,652 - INFO - SUCCESS: https://books.toscrape.com/catalogue/page-4.html
2026-03-13 01:14:05,087 - INFO - SUCCESS: https://books.toscrape.com/catalogue/page-3.html
2026-03-13 01:14:05,088 - INFO - SAVED
2026-03-14 02:22:23,712 - INFO - SUCCESS: https://books.toscrape.com/catalogue/page-1.html
2026-03-14 02:22:23,713 - INFO - SAVED
2026-03-14 02:31:50,089 - INFO - SUCCESS: https://books.toscrape.com/catalogue/page-1.html
2026-03-14 02:31:50,245 - INFO - SUCCESS: https://books.toscrape.com/catalogue/page-6.html
2026-03-14 02:31:50,401 - INFO - SUCCESS: https://books.toscrape.com/catalogue/page-7.html
2026-03-14 02:31:50,529 - INFO - SUCCESS: https://books.toscrape.com/catalogue/page-2.html
2026-03-14 02:31:50,555 - INFO - SUCCESS: https://books.toscrape.com/catalogue/page-5.html
2026-03-14 02:31:50,569 - INFO - SUCCESS: https://books.toscrape.com/catalogue/page-3.html
2026-03-14 02:31:50,585 - INFO - SUCCESS: https://books.toscrape.com/catalogue/page-4.html
2026-03-14 02:31:50,600 - INFO - SUCCESS: https://books.toscrape.com/catalogue/page-8.html
2026-03-14 02:31:50,682 - INFO - SUCCESS: https://books.toscrape.com/catalogue/page-9.html
2026-03-14 02:31:50,740 - INFO - SUCCESS: https://books.toscrape.com/catalogue/page-11.html
2026-03-14 02:31:50,755 - INFO - SUCCESS: https://books.toscrape.com/catalogue/page-12.html
2026-03-14 02:31:50,769 - INFO - SUCCESS: https://books.toscrape.com/catalogue/page-13.html
2026-03-14 02:31:50,838 - INFO - SUCCESS: https://books.toscrape.com/catalogue/page-14.html
2026-03-14 02:31:50,890 - INFO - SUCCESS: https://books.toscrape.com/catalogue/page-10.html
2026-03-14 02:31:50,911 - INFO - SUCCESS: https://books.toscrape.com/catalogue/page-16.html
2026-03-14 02:31:50,924 - INFO - SUCCESS: https://books.toscrape.com/catalogue/page-17.html
2026-03-14 02:31:51,001 - INFO - SUCCESS: https://books.toscrape.com/catalogue/page-18.html
2026-03-14 02:31:51,033 - INFO - SUCCESS: https://books.toscrape.com/catalogue/page-15.html
2026-03-14 02:31:51,052 - INFO - SUCCESS: https://books.toscrape.com/catalogue/page-19.html
2026-03-14 02:31:51,066 - INFO - SUCCESS: https://books.toscrape.com/catalogue/page-20.html
2026-03-14 02:31:51,082 - INFO - SUCCESS: https://books.toscrape.com/catalogue/page-21.html
2026-03-14 02:31:51,156 - INFO - SUCCESS: https://books.toscrape.com/catalogue/page-22.html
2026-03-14 02:31:51,189 - INFO - SUCCESS: https://books.toscrape.com/catalogue/page-23.html
2026-03-14 02:31:51,207 - INFO - SUCCESS: https://books.toscrape.com/catalogue/page-24.html
2026-03-14 02:31:51,224 - INFO - SUCCESS: https://books.toscrape.com/catalogue/page-25.html
2026-03-14 02:31:51,238 - INFO - SUCCESS: https://books.toscrape.com/catalogue/page-26.html
2026-03-14 02:31:58,961 - INFO - SUCCESS: https://books.toscrape.com/catalogue/page-27.html
2026-03-14 02:31:58,978 - INFO - SUCCESS: https://books.toscrape.com/catalogue/page-28.html
2026-03-14 02:31:58,996 - INFO - SUCCESS: https://books.toscrape.com/catalogue/page-29.html
2026-03-14 02:31:59,012 - INFO - SUCCESS: https://books.toscrape.com/catalogue/page-30.html
2026-03-14 02:31:59,028 - INFO - SUCCESS: https://books.toscrape.com/catalogue/page-31.html
2026-03-14 02:31:59,117 - INFO - SUCCESS: https://books.toscrape.com/catalogue/page-32.html
2026-03-14 02:31:59,134 - INFO - SUCCESS: https://books.toscrape.com/catalogue/page-33.html
2026-03-14 02:31:59,155 - INFO - SUCCESS: https://books.toscrape.com/catalogue/page-34.html
2026-03-14 02:31:51,039 - INFO - SUCCESS: https://books.toscrape.com/catalogue/page-35.html
2026-03-14 02:31:51,053 - INFO - SUCCESS: https://books.toscrape.com/catalogue/page-36.html
2026-03-14 02:31:51,143 - INFO - SUCCESS: https://books.toscrape.com/catalogue/page-37.html
2026-03-14 02:31:51,158 - INFO - SUCCESS: https://books.toscrape.com/catalogue/page-38.html
2026-03-14 02:31:51,181 - INFO - SUCCESS: https://books.toscrape.com/catalogue/page-39.html
2026-03-14 02:31:51,196 - INFO - SUCCESS: https://books.toscrape.com/catalogue/page-40.html
2026-03-14 02:31:51,211 - INFO - SUCCESS: https://books.toscrape.com/catalogue/page-41.html
2026-03-14 02:31:51,298 - INFO - SUCCESS: https://books.toscrape.com/catalogue/page-42.html
2026-03-14 02:31:51,314 - INFO - SUCCESS: https://books.toscrape.com/catalogue/page-43.html
2026-03-14 02:31:51,338 - INFO - SUCCESS: https://books.toscrape.com/catalogue/page-44.html
2026-03-14 02:31:51,353 - INFO - SUCCESS: https://books.toscrape.com/catalogue/page-45.html
2026-03-14 02:31:51,366 - INFO - SUCCESS: https://books.toscrape.com/catalogue/page-46.html
2026-03-14 02:31:51,454 - INFO - SUCCESS: https://books.toscrape.com/catalogue/page-47.html
2026-03-14 02:31:51,469 - INFO - SUCCESS: https://books.toscrape.com/catalogue/page-48.html
2026-03-14 02:31:51,517 - INFO - SUCCESS: https://books.toscrape.com/catalogue/page-49.html
2026-03-14 02:31:51,531 - INFO - SUCCESS: https://books.toscrape.com/catalogue/page-50.html
2026-03-14 02:31:51,532 - INFO - SAVED
2026-03-14 02:32:31,280 - INFO - SAVED
